# JRE version: OpenJDK Runtime Environment Temurin-17.0.7+7 (17.0.7+7) (build 17.0.7+7)
# Java VM: OpenJDK 64-Bit Server VM Temurin-17.0.7+7 (17.0.7+7, mixed mode, tiered, compressed oops, compressed class ptrs, g1 gc, linux-amd64)
GC Precious Log:
 CPUs: 16 total, 16 available
 Memory: 15720M
 Large Page Support: Disabled
 NUMA Support: Disabled
 Compressed Oops: Enabled (Zero based)
 Heap Region Size: 2M
 Heap Min Capacity: 8M
 Heap Initial Capacity: 246M
 Heap Max Capacity: 3932M
 Pre-touch: Disabled
 Parallel Workers: 13
 Concurrent Workers: 3
 Concurrent Refinement Workers: 13
 Periodic GC: Disabled
Heap:
 garbage-first heap   total 61440K, used 40715K [0x000000070a400000, 0x0000000800000000)
  region size 2048K, 15 young (30720K), 3 survivors (6144K)
 Metaspace       used 40717K, committed 41152K, reserved 1114112K
  class space    used 4924K, committed 5120K, reserved 1048576K
GC Heap History (14 events):
Event: 0,476 GC heap before
{Heap before GC invocations=0 (full 0):
 garbage-first heap   total 251904K, used 22528K [0x000000070a400000, 0x0000000800000000)
  region size 2048K, 11 young (22528K), 0 survivors (0K)
 Metaspace       used 16018K, committed 16192K, reserved 1114112K
  class space    used 1777K, committed 1856K, reserved 1048576K
}
Event: 0,481 GC heap after
{Heap after GC invocations=1 (full 0):
 garbage-first heap   total 251904K, used 5258K [0x000000070a400000, 0x0000000800000000)
  region size 2048K, 2 young (4096K), 2 survivors (4096K)
 Metaspace       used 16018K, committed 16192K, reserved 1114112K
  class space    used 1777K, committed 1856K, reserved 1048576K
}
Event: 0,625 GC heap before
{Heap before GC invocations=1 (full 0):
 garbage-first heap   total 251904K, used 23690K [0x000000070a400000, 0x0000000800000000)
  region size 2048K, 13 young (26624K), 2 survivors (4096K)
 Metaspace       used 21286K, committed 21504K, reserved 1114112K
  class space    used 2432K, committed 2560K, reserved 1048576K
}
Event: 0,629 GC heap after
{Heap after GC invocations=2 (full 0):
 garbage-first heap   total 251904K, used 7171K [0x000000070a400000, 0x0000000800000000)
  region size 2048K, 1 young (2048K), 1 survivors (2048K)
 Metaspace       used 21286K, committed 21504K, reserved 1114112K
  class space    used 2432K, committed 2560K, reserved 1048576K
}
Event: 0,762 GC heap before
{Heap before GC invocations=3 (full 0):
 garbage-first heap   total 40960K, used 27651K [0x000000070a400000, 0x0000000800000000)
  region size 2048K, 12 young (24576K), 1 survivors (2048K)
 Metaspace       used 26243K, committed 26496K, reserved 1114112K
  class space    used 3097K, committed 3200K, reserved 1048576K
}
Event: 0,765 GC heap after
{Heap after GC invocations=4 (full 0):
 garbage-first heap   total 40960K, used 8810K [0x000000070a400000, 0x0000000800000000)
  region size 2048K, 2 young (4096K), 2 survivors (4096K)
 Metaspace       used 26243K, committed 26496K, reserved 1114112K
  class space    used 3097K, committed 3200K, reserved 1048576K
}
Event: 0,787 GC heap before
{Heap before GC invocations=4 (full 0):
 garbage-first heap   total 40960K, used 10858K [0x000000070a400000, 0x0000000800000000)
  region size 2048K, 3 young (6144K), 2 survivors (4096K)
 Metaspace       used 26424K, committed 26624K, reserved 1114112K
  class space    used 3116K, committed 3200K, reserved 1048576K
}
Event: 0,791 GC heap after
{Heap after GC invocations=5 (full 0):
 garbage-first heap   total 40960K, used 9111K [0x000000070a400000, 0x0000000800000000)
  region size 2048K, 1 young (2048K), 1 survivors (2048K)
 Metaspace       used 26424K, committed 26624K, reserved 1114112K
  class space    used 3116K, committed 3200K, reserved 1048576K
}
Event: 0,955 GC heap before
{Heap before GC invocations=5 (full 0):
 garbage-first heap   total 40960K, used 25495K [0x000000070a400000, 0x0000000800000000)
  region size 2048K, 9 young (18432K), 1 survivors (2048K)
 Metaspace       used 29258K, committed 29632K, reserved 1114112K
  class space    used 3472K, committed 3648K, reserved 1048576K
}
Event: 0,957 GC heap after
{Heap after GC invocations=6 (full 0):
 garbage-first heap   total 40960K, used 10155K [0x000000070a400000, 0x0000000800000000)
  region size 2048K, 1 young (2048K), 1 survivors (2048K)
 Metaspace       used 29258K, committed 29632K, reserved 1114112K
  class space    used 3472K, committed 3648K, reserved 1048576K
}
Event: 1,120 GC heap before
{Heap before GC invocations=6 (full 0):
 garbage-first heap   total 40960K, used 26539K [0x000000070a400000, 0x0000000800000000)
  region size 2048K, 9 young (18432K), 1 survivors (2048K)
 Metaspace       used 32796K, committed 33152K, reserved 1114112K
  class space    used 3933K, committed 4096K, reserved 1048576K
}
Event: 1,124 GC heap after
{Heap after GC invocations=7 (full 0):
 garbage-first heap   total 147456K, used 11842K [0x000000070a400000, 0x0000000800000000)
  region size 2048K, 2 young (4096K), 2 survivors (4096K)
 Metaspace       used 32796K, committed 33152K, reserved 1114112K
  class space    used 3933K, committed 4096K, reserved 1048576K
}
Event: 1,281 GC heap before
{Heap before GC invocations=7 (full 0):
 garbage-first heap   total 147456K, used 26178K [0x000000070a400000, 0x0000000800000000)
  region size 2048K, 10 young (20480K), 2 survivors (4096K)
 Metaspace       used 35714K, committed 36096K, reserved 1114112K
  class space    used 4320K, committed 4480K, reserved 1048576K
}
Event: 1,286 GC heap after
{Heap after GC invocations=8 (full 0):
 garbage-first heap   total 147456K, used 14091K [0x000000070a400000, 0x0000000800000000)
  region size 2048K, 3 young (6144K), 3 survivors (6144K)
 Metaspace       used 35714K, committed 36096K, reserved 1114112K
  class space    used 4320K, committed 4480K, reserved 1048576K
}

